2021-09-10 21:42:58 INFO  ProjectStartupHandler.runActivity(74) - ---------- Project opened ----------
2021-09-10 21:42:58 INFO  ProjectStartupHandler.runActivity(75) - ---------- Version 3.53 ----------

2021-09-10 21:42:58 INFO  ProjectStartupHandler.setAutoscrolls(346) - Autoscrolls successfully set
2021-09-10 21:42:58 INFO  ApacheHttpClient.isSessionAppropriateWithSecretKey(589) - The session is not set in the property file.
2021-09-10 21:43:01 INFO  ApacheHttpClient.login(250) - Waiting for server response.
2021-09-10 21:43:01 INFO  ApacheHttpClient.login(250) - Waiting for server response.
2021-09-10 21:43:01 INFO  ApacheHttpClient.login(254) - responseCode = 200
2021-09-10 21:43:01 INFO  ApacheHttpClient.login(277) - JSESSIONID OK
2021-09-10 21:43:01 INFO  ApacheHttpClient.refreshUserInfo(305) - responseCode = 200
2021-09-10 21:43:01 INFO  ApacheHttpClient.refreshUserInfo(311) - User information received.
2021-09-10 21:43:01 INFO  ApacheHttpClient.startGA(36) - GAService started.
2021-09-10 21:43:01 INFO  AbstractRestApiClient.startService(71) - EventsService started.
2021-09-10 21:43:04 INFO  ApacheHttpClient.getWebResourceAsStream(502) - responseCode = 200
2021-09-10 21:43:05 INFO  ApacheHttpClient.getFilteredTasks(336) - responseCode = 200
2021-09-10 21:43:08 INFO  ApacheHttpClient.getTaskTemplateInfo(353) - responseCode = 200
2021-09-10 21:43:08 INFO  TaskInfoSelectorMouseListener.createDirectoryRecursive(77) - File created :C:/Java/JavaRushTools/JavaRushTasks/1.JavaSyntax/src/com
2021-09-10 21:43:08 INFO  TaskInfoSelectorMouseListener.createDirectoryRecursive(77) - File created :C:/Java/JavaRushTools/JavaRushTasks/1.JavaSyntax/src/com/javarush
2021-09-10 21:43:08 INFO  TaskInfoSelectorMouseListener.createDirectoryRecursive(77) - File created :C:/Java/JavaRushTools/JavaRushTasks/1.JavaSyntax/src/com/javarush/task
2021-09-10 21:43:08 INFO  TaskInfoSelectorMouseListener.createDirectoryRecursive(77) - File created :C:/Java/JavaRushTools/JavaRushTasks/1.JavaSyntax/src/com/javarush/task/task01
2021-09-10 21:43:08 INFO  TaskInfoSelectorMouseListener.createDirectoryRecursive(77) - File created :C:/Java/JavaRushTools/JavaRushTasks/1.JavaSyntax/src/com/javarush/task/task01/task0142
2021-09-10 21:44:01 INFO  ApacheHttpClient.sendEvent(535) - responseCode = 200
2021-09-10 21:45:01 INFO  ApacheHttpClient.sendEvent(535) - responseCode = 200
2021-09-10 21:46:01 INFO  ApacheHttpClient.sendEvent(535) - responseCode = 200
2021-09-10 21:47:01 INFO  ApacheHttpClient.sendEvent(535) - responseCode = 200
2021-09-10 21:48:01 INFO  ApacheHttpClient.sendEvent(535) - responseCode = 200
2021-09-10 21:49:01 INFO  ApacheHttpClient.sendEvent(535) - responseCode = 200
